<?xml version="1.0" encoding="UTF-8"?>
<!-- Generated by org.testng.reporters.JUnitReportReporter -->
<testsuite hostname="Bharani-PC" failures="0" tests="3" name="udemy.excersise7" time="0.003" errors="0" timestamp="2022-05-17T12:25:05 IST" skipped="0">
  <testcase classname="udemy.excersise7" name="method3" time="0.000"/>
  <system-out/>
  <testcase classname="udemy.excersise7" name="method2" time="0.001"/>
  <system-out/>
  <testcase classname="udemy.excersise7" name="method1" time="0.002"/>
  <system-out/>
</testsuite> <!-- udemy.excersise7 -->
