<?xml version="1.0" encoding="UTF-8"?>
<!-- Generated by org.testng.reporters.JUnitReportReporter -->
<testsuite hostname="Bharani-PC" failures="0" tests="2" name="udemy.excersie2" time="0.002" errors="0" timestamp="2022-05-16T20:12:49 IST" skipped="1">
  <testcase classname="udemy.excersie2" name="method4" time="0.002"/>
  <system-out/>
  <testcase classname="udemy.excersie2" name="method1">
    <skipped/>
  </testcase> <!-- method1 -->
  <system-out/>
</testsuite> <!-- udemy.excersie2 -->
