<?xml version="1.0" encoding="UTF-8"?>
<!-- Generated by org.testng.reporters.JUnitReportReporter -->
<testsuite hostname="Bharani-PC" failures="0" tests="4" name="udemy.excersise4" time="0.008" errors="0" timestamp="2022-05-16T20:12:49 IST" skipped="0">
  <testcase classname="udemy.excersise4" name="method4" time="0.002"/>
  <system-out/>
  <testcase classname="udemy.excersise4" name="mobBikeLoan" time="0.002"/>
  <system-out/>
  <testcase classname="udemy.excersise4" name="webBikeLoan" time="0.002"/>
  <system-out/>
  <testcase classname="udemy.excersise4" name="aPIBikeLoan" time="0.002"/>
  <system-out/>
</testsuite> <!-- udemy.excersise4 -->
