<?xml version="1.0" encoding="UTF-8"?>
<!-- Generated by org.testng.reporters.JUnitReportReporter -->
<testsuite hostname="Bharani-PC" failures="0" tests="1" name="udemy.excersise5" time="0.018" errors="0" timestamp="2022-05-17T12:25:33 IST" skipped="0">
  <testcase classname="udemy.excersise5" name="method1" time="0.018"/>
  <system-out/>
</testsuite> <!-- udemy.excersise5 -->
