<?xml version="1.0" encoding="UTF-8"?>
<!-- Generated by org.testng.reporters.JUnitReportReporter -->
<testsuite hostname="Bharani-PC" failures="0" tests="3" name="udemy.excersie1" time="0.014" errors="0" timestamp="2022-05-16T20:12:49 IST" skipped="0">
  <testcase classname="udemy.excersie1" name="method2" time="0.011"/>
  <system-out/>
  <testcase classname="udemy.excersie1" name="method1" time="0.002"/>
  <system-out/>
  <testcase classname="udemy.excersie1" name="method4" time="0.001"/>
  <system-out/>
</testsuite> <!-- udemy.excersie1 -->
