<?xml version="1.0" encoding="UTF-8"?>
<!-- Generated by org.testng.reporters.JUnitReportReporter -->
<testsuite hostname="Bharani-PC" failures="0" tests="6" name="udemy.practice2" time="0.021" errors="0" timestamp="2022-05-18T07:23:37 IST" skipped="0">
  <testcase classname="udemy.practice2" name="accMethod" time="0.013"/>
  <system-out/>
  <testcase classname="udemy.practice2" name="accMethod" time="0.002"/>
  <system-out/>
  <testcase classname="udemy.practice2" name="mobMethod" time="0.001"/>
  <system-out/>
  <testcase classname="udemy.practice2" name="mobMethod" time="0.001"/>
  <system-out/>
  <testcase classname="udemy.practice2" name="accMethod" time="0.003"/>
  <system-out/>
  <testcase classname="udemy.practice2" name="mobMethod" time="0.001"/>
  <system-out/>
</testsuite> <!-- udemy.practice2 -->
