<?xml version="1.0" encoding="UTF-8"?>
<!-- Generated by org.testng.reporters.JUnitReportReporter -->
<testsuite hostname="Bharani-PC" failures="0" tests="4" name="udemy.excersie3" time="0.016" errors="0" timestamp="2022-05-16T20:12:49 IST" skipped="0">
  <testcase classname="udemy.excersie3" name="aPICarLoan" time="0.002"/>
  <system-out/>
  <testcase classname="udemy.excersie3" name="mobCarLoan" time="0.002"/>
  <system-out/>
  <testcase classname="udemy.excersie3" name="method4" time="0.003"/>
  <system-out/>
  <testcase classname="udemy.excersie3" name="webCarLoan" time="0.009"/>
  <system-out/>
</testsuite> <!-- udemy.excersie3 -->
